<?xml version="1.0" encoding="UTF-8"?>
<testsuite xmlns:xsi="http://www.w3.org/2001/XMLSchema-instance" xsi:noNamespaceSchemaLocation="https://maven.apache.org/surefire/maven-surefire-plugin/xsd/surefire-test-report-3.0.xsd" version="3.0" name="kr.co.fmos.FirstmovieApplicationTests" time="2.973" tests="1" errors="0" skipped="0" failures="0">
  <properties>
[...]
</properties>
  <testcase name="contextLoads" classname="kr.co.fmos.FirstmovieApplicationTests" time="0.707">
    <system-out><![CDATA[19:16:11.319 [main] INFO org.springframework.test.context.support.AnnotationConfigContextLoaderUtils -- Could not detect default configuration classes for test class [kr.co.fmos.FirstmovieApplicationTests]: FirstmovieApplicationTests does not declare any static, non-private, non-final, nested classes annotated with @Configuration.
19:16:11.408 [main] INFO org.springframework.boot.test.context.SpringBootTestContextBootstrapper -- Found @SpringBootConfiguration kr.co.fmos.FirstmovieApplication for test class kr.co.fmos.FirstmovieApplicationTests
19:16:11.542 [main] INFO org.springframework.boot.devtools.restart.RestartApplicationListener -- Restart disabled due to context in which it is running

  .   ____          _            __ _ _
 /\\ / ___'_ __ _ _(_)_ __  __ _ \ \ \ \
( ( )\___ | '_ | '_| | '_ \/ _` | \ \ \ \
 \\/  ___)| |_)| | | | | || (_| |  ) ) ) )
  '  |____| .__|_| |_|_| |_\__, | / / / /
 =========|_|==============|___/=/_/_/_/
 :: Spring Boot ::                (v3.2.0)

2024-01-18T19:16:11.718+09:00  INFO 7160 --- [           main] kr.co.fmos.FirstmovieApplicationTests    : Starting FirstmovieApplicationTests using Java 17.0.8.1 with PID 7160 (started by itwill in C:\Users\itwill\OneDrive\바탕 화면\git\first_movie)
2024-01-18T19:16:11.719+09:00  INFO 7160 --- [           main] kr.co.fmos.FirstmovieApplicationTests    : No active profile set, falling back to 1 default profile: "default"
2024-01-18T19:16:12.226+09:00  INFO 7160 --- [           main] .s.d.r.c.RepositoryConfigurationDelegate : Bootstrapping Spring Data JDBC repositories in DEFAULT mode.
2024-01-18T19:16:12.243+09:00  INFO 7160 --- [           main] .s.d.r.c.RepositoryConfigurationDelegate : Finished Spring Data repository scanning in 13 ms. Found 0 JDBC repository interfaces.
2024-01-18T19:16:12.306+09:00  WARN 7160 --- [           main] o.m.s.mapper.ClassPathMapperScanner      : No MyBatis mapper was found in '[kr.co.fmos]' package. Please check your configuration.
-----CartCont()객체 생성됨
-----CartDAO()객체 생성됨
-----sqlSessionFactory() 호출됨
-----sqlSession() 호출됨
-----CouponCont()객체생성됨
-----CouponDAOImp() 객체 생성됨
-----UserHavingCouponDAOImp() 객체 생성됨
-----ProductCont()객체생성됨
-----ProductDAO()객체 생성됨
-----noticeDAO()객체 생성됨
-----TheaterDAO() end
-----RentalDAO()객체 생성됨
-----HomeController()객체 생성됨
-----MovieDAOImp() 객체 생성됨
-----MemberCont()객체생성됨
-----MemberDAOImp() 객체 생성됨
MovieCont() 객체 생성
-----PaymentDAO()객체 생성됨
-----NoneExistSeatsCont() 객체 생성됨
-----NoneExistSeatsDAOImp() 객체 생성됨
-----OrderCont()객체 생성됨
-----OrderDAO()객체 생성됨
-----PaymentSeatDAOImp() 객체 생성됨
-----PaymentCont() 객체 생성됨
-----PointCont() 객체 생성됨
-----ProductCont()객체생성됨
-----ProductDAO()객체 생성됨
-----RegionDAO()객체 생성됨
-----ScreenMovieInfoCont() 객체 생성됨
-----screenMovieInfoDAOImp() 객체 생성됨
-----ScreenCont() 객체 생성됨
-----ScreenDAOImp() 객체 생성됨
-----TheaterBranchCont() 객체 생성됨
-----theaterBranchDAO() 객체 생성됨
-----TheaterCont()객체 생성됨
-----TicketingCont() 객체 생성됨
-----ticketingDAO() 객체 생성됨
2024-01-18T19:16:13.255+09:00  INFO 7160 --- [           main] com.zaxxer.hikari.HikariDataSource       : HikariPool-1 - Starting...
2024-01-18T19:16:13.348+09:00  INFO 7160 --- [           main] com.zaxxer.hikari.pool.HikariPool        : HikariPool-1 - Added connection org.mariadb.jdbc.Connection@1de7f898
2024-01-18T19:16:13.350+09:00  INFO 7160 --- [           main] com.zaxxer.hikari.HikariDataSource       : HikariPool-1 - Start completed.
2024-01-18T19:16:13.467+09:00  INFO 7160 --- [           main] kr.co.fmos.FirstmovieApplicationTests    : Started FirstmovieApplicationTests in 1.938 seconds (process running for 2.698)
]]></system-out>
  </testcase>
</testsuite>